 ****** HSPICE -- M-2017.03-SP2 linux64 (Aug 22 2017) ******                    
  Copyright (c) 1986 - 2019 by Synopsys, Inc. All Rights Reserved.              
  This software and the associated documentation are proprietary
  to Synopsys, Inc. This software may only be used in accordance
  with the terms and conditions of a written license agreement with
  Synopsys, Inc. All other use, reproduction, or distribution of
  this software is strictly prohibited.
  Input File: /home/dstanley/research/facet/build/myamp_tb.sp                   
  Command line options: /cad/synopsys/hspice/M-2017.03-SP2/hspice/linux64/hspice -i /home/dstanley/research/facet/build/myamp_tb.sp -o /home/dstanley/research/facet/build/out.raw
 lic:  
 lic: FLEXlm: SDK_11.6.4 
 lic: USER:   dstanley             HOSTNAME: kiwi 
 lic: HOSTID: 4a229633ba4b         PID:      3817 
 lic: Using FLEXlm license file: 
 lic: 27000@cadlic0.stanford.edu 
 lic: Checkout 1 hspice 
 lic: License/Maintenance for hspice will expire on 06-nov-2020/2018.09 
 lic: 1(in_use)/200(total) FLOATING license(s) on SERVER 27000@cadlic0.stanford.edu 
 lic:   
  **info** (/home/dstanley/research/facet/build/myamp_tb.sp:16) No analysis statements before the .probe statement that has no analysis type. TRAN type is assigned to it by default.
  **warning** (/home/dstanley/research/facet/build/myamp_tb.sp:16) Unrecognized output type for out in .print or .probe; The line is ignored.
  **warning** (/home/dstanley/research/facet/build/myamp_tb.sp:17) Missing parameters for .ic. Enter parameters for initial condition with their respective values; Line ignored.
1****** HSPICE -- M-2017.03-SP2 linux64 (Aug 22 2017) ******                    
 ******  
 * automatically generated file.

 ****** circuit name directory
 circuit number to circuit name directory
   number circuitname                     definition         multiplier
        0 main circuit
        1 x0.                             myamp              1.00 
        2 x2.                             inout_sw_mod       1.00 
        3 x5.                             inout_sw_mod       1.00 
        4 x8.                             inout_sw_mod       1.00 
 ******  
 * automatically generated file.

 ****** mos   model parameters tnom=  25.000 temp=  25.000 ******
 ***************************************************************************
 *** common model parameters  model name:   0:eenmos   model type:nmos   ***
 ***************************************************************************
     names  values   units     names  values   units     names  values   units
     -----  ------   -----     -----  ------   -----     -----  ------   -----

   1*** geometry parameters ***
       ld=   0.    meters      lmlt=   1.00                wd=   0.    meters 
     wmlt=   1.00                xl=   0.    meters        xw=   0.    meters 
     lref=   0.    meters      wref=   0.    meters      lref=   0.    meters 
     wref=   0.    meters     xlref=   0.    meters     xwref=   0.    meters 
     lmin=   0.    meters      wmin=   0.    meters      lmax=   0.    meters 
     wmax=   0.    meters 

   2*** threshold voltage parameters ***
      vto= 400.00m volts        nss=   0.    1/cm**2      tpg=   1.00         
      phi= 880.00m volts      gamma= 200.00m v**0.5      bulk=  gnd           
    ngate=   0.    cm**3       nsub= 1.4e+14 1/cm**3   delvto=   0.    volts  

   3*** gate overlap capacitance parameters ***
     cgbo=   0.    f/meter     cgdo=   0.    f/meter     cgso=   0.    f/meter
     meto=   0.    meters 

   4*** gate capacitance parameters ***
    capop=   2.00               cf1=   0.    volts        cf2= 100.00m volts  
      cf3=   1.00  volts        cf4=  50.00               cf5= 666.67m        
      cf6= 500.00               xqc= 500.00m              tox= 100.00n meters 
      cox= 345.31u f/m**2 

   5*** diffusion parasitic parameters ***
      acm=   0.                  is=  10.00f amps          js=   0.    a/m**2 
      jsw=   0.    amp/m        nds=   1.00               cbd=   0.    farad  
      cbs=   0.    farad         cj=  38.61u f/m**2      cjsw=   0.    f/m    
   cjgate=   0.    f/m           mj= 500.00m             mjsw= 330.00m        
       pb= 800.00m volts        php= 800.00m volts         tt=   0.    secs   
     hdif=   0.    meters      ldif=   0.    meters        rd=   0.    ohms   
       rs=   0.    ohms         rsh=   0.    ohms/sq       fc=   0.           
    alpha=   0.                 vcr=   0.    volts      iirat=   0.           
      rdc=   0.    ohms         rsc=   0.    ohms           n=   1.00         
     vnds=  -1.00  volts  

   6*** temperature effect parameters ***
     tlev=   0.               tlevc=   0.                  eg=   1.11  ev     
     gap1= 702.00u ev/deg      gap2=   1.11k deg          xti=   0.           
      bex=  -1.50               tcv=   0.    v/deg k      trd=   0.    /deg   
      trs=   0.    /deg         cta=   0.    /deg         ctp=   0.    /deg   

   7*** noise parameters ***
       kf=   0.                  af=   1.00              nlev=   2.00         
   gdsnoi=   1.00         

   ***  level  1  model parameters  ***

   lambda=   0.    /v            kp= 432.00u a/v**2 
  
      
 *****************************************************************
 ******  option summary
 ******
 runlvl  = 3         bypass  = 2.0000    
  Opening plot unit= 15
 file=/home/dstanley/research/facet/build/out.raw.pa0

 **info** dc convergence successful at Newton-Raphson method 
 ******  
 * automatically generated file.

 ****** operating point information tnom=  25.000 temp=  25.000 ******
 ****** operating point status is voltage   simulation time is     0.     
    node    =voltage      node    =voltage      node    =voltage

 +0:__in__s =   1.0000  0:__in__v =   0.      0:__vdd_s =   1.0000 
 +0:__vdd_v =   0.      0:__vss_s =   1.0000  0:__vss_v =   0.     
 +0:in_     =   0.      0:out     =   0.      0:vdd     =   0.     
 +0:vss     =   0.     


          ***** job concluded
 ******  
 * automatically generated file.

 ****** job statistics summary tnom=  25.000 temp=  25.000 ******
  
  
 ******  Machine Information  ******
 CPU:
 model name	: Common KVM processor
 cpu MHz	: 2199.996
  
 OS:
 Linux version 4.15.0-54-generic (buildd@lgw01-amd64-014) (gcc version 7.4.0 (Ubuntu 7.4.0-1ubuntu1~18.04.1)) #58-Ubuntu SMP Mon Jun 24 10:55:24 UTC 2019


  ******  HSPICE Threads Information  ******

  Command Line Threads Count :     1
  Available CPU Count        :    40
  Actual Threads Count       :     1


  ******  Circuit Statistics  ******
  # nodes       =      11 # elements   =      11
  # resistors   =       1 # capacitors =       0 # inductors   =       0
  # mutual_inds =       0 # vccs       =       3 # vcvs        =       0
  # cccs        =       0 # ccvs       =       0 # volt_srcs   =       6
  # curr_srcs   =       0 # diodes     =       0 # bjts        =       0
  # jfets       =       0 # mosfets    =       1 # U elements  =       0
  # T elements  =       0 # W elements =       0 # B elements  =       0
  # S elements  =       0 # P elements =       0 # va device   =       0
  # vector_srcs =       0 # N elements =       0


  ******  Runtime Statistics (seconds)  ******

  analysis           time    # points   tot. iter  conv.iter
  op point           0.00           1           5
  transient          0.01        1001         116          56 rev=         4
  readin             0.03
  errchk             0.00
  setup              0.00
  output             0.00


           peak memory used        279.95 megabytes
           total cpu time            0.04 seconds
           total elapsed time        0.15 seconds
           job started at     10:29:02 09/06/2019
           job ended   at     10:29:02 09/06/2019


 lic: Release hspice token(s) 
 lic: total license checkout elapse time:        0.12(s)
